2025-08-13 11:20:33.045 [info] Reading sessions from keychain...
2025-08-13 11:20:33.045 [info] Getting sessions for all scopes...
2025-08-13 11:20:33.045 [info] Got 0 sessions for ...
2025-08-13 11:20:33.045 [info] Getting sessions for all scopes...
2025-08-13 11:20:33.045 [info] Got 0 sessions for ...
2025-08-13 11:20:33.045 [info] Getting sessions for all scopes...
2025-08-13 11:20:33.045 [info] Got 0 sessions for ...
2025-08-13 11:20:33.045 [info] Getting sessions for all scopes...
2025-08-13 11:20:33.045 [info] Got 0 sessions for ...
2025-08-13 11:20:33.045 [info] Getting sessions for all scopes...
2025-08-13 11:20:33.045 [info] Got 0 sessions for ...
2025-08-13 11:20:33.045 [info] Getting sessions for all scopes...
2025-08-13 11:20:33.045 [info] Got 0 sessions for ...
2025-08-13 11:20:33.045 [info] Getting sessions for all scopes...
2025-08-13 11:20:33.045 [info] Got 0 sessions for ...
2025-08-13 11:20:33.045 [info] Getting sessions for all scopes...
2025-08-13 11:20:33.045 [info] Got 0 sessions for ...
2025-08-13 11:20:33.045 [info] Getting sessions for all scopes...
2025-08-13 11:20:33.045 [info] Got 0 sessions for ...
2025-08-13 11:20:33.045 [info] Getting sessions for all scopes...
2025-08-13 11:20:33.045 [info] Got 0 sessions for ...
2025-08-13 11:20:33.045 [info] Getting sessions for all scopes...
2025-08-13 11:20:33.045 [info] Got 0 sessions for ...
2025-08-13 11:20:33.045 [info] Getting sessions for all scopes...
2025-08-13 11:20:33.045 [info] Got 0 sessions for ...
2025-08-13 11:20:33.045 [info] Getting sessions for all scopes...
2025-08-13 11:20:33.045 [info] Got 0 sessions for ...
2025-08-13 11:20:33.046 [info] Getting sessions for all scopes...
2025-08-13 11:20:33.046 [info] Got 0 sessions for ...
2025-08-13 11:20:35.435 [info] Getting sessions for all scopes...
2025-08-13 11:20:35.435 [info] Got 0 sessions for ...
2025-08-13 11:20:36.091 [info] Getting sessions for all scopes...
2025-08-13 11:20:36.092 [info] Got 0 sessions for ...
2025-08-13 11:20:36.098 [info] Getting sessions for all scopes...
2025-08-13 11:20:36.098 [info] Got 0 sessions for ...
2025-08-13 11:20:36.105 [info] Getting sessions for all scopes...
2025-08-13 11:20:36.105 [info] Got 0 sessions for ...
2025-08-13 11:24:32.595 [info] Getting sessions for all scopes...
2025-08-13 11:24:32.603 [info] Got 0 sessions for ...
2025-08-13 11:24:48.510 [info] Getting sessions for all scopes...
2025-08-13 11:24:48.532 [info] Got 0 sessions for ...
2025-08-13 11:25:02.091 [info] Getting sessions for all scopes...
2025-08-13 11:25:02.091 [info] Got 0 sessions for ...
2025-08-13 11:25:02.091 [info] Getting sessions for all scopes...
2025-08-13 11:25:02.091 [info] Got 0 sessions for ...
2025-08-13 11:25:04.134 [info] Getting sessions for user:email...
2025-08-13 11:25:04.134 [info] Got 0 sessions for user:email...
2025-08-13 11:25:04.135 [info] Getting sessions for read:user,repo,user:email,workflow...
2025-08-13 11:25:04.135 [info] Got 0 sessions for read:user,repo,user:email,workflow...
2025-08-13 11:25:05.679 [info] Getting sessions for all scopes...
2025-08-13 11:25:05.679 [info] Got 0 sessions for ...
2025-08-13 11:25:05.699 [info] Getting sessions for all scopes...
2025-08-13 11:25:05.699 [info] Got 0 sessions for ...
2025-08-13 11:25:05.699 [info] Getting sessions for read:user,repo,user:email,workflow...
2025-08-13 11:25:05.699 [info] Got 0 sessions for read:user,repo,user:email,workflow...
2025-08-13 11:25:05.727 [info] Getting sessions for all scopes...
2025-08-13 11:25:05.728 [info] Got 0 sessions for ...
2025-08-13 11:25:05.730 [info] Getting sessions for all scopes...
2025-08-13 11:25:05.730 [info] Got 0 sessions for ...
2025-08-13 11:25:05.827 [info] Getting sessions for read:user...
2025-08-13 11:25:05.827 [info] Got 0 sessions for read:user...
2025-08-13 11:25:05.893 [info] Getting sessions for user:email...
2025-08-13 11:25:05.893 [info] Got 0 sessions for user:email...
2025-08-13 11:25:06.042 [info] Getting sessions for user:email...
2025-08-13 11:25:06.042 [info] Got 0 sessions for user:email...
2025-08-13 11:25:06.044 [info] Getting sessions for all scopes...
2025-08-13 11:25:06.044 [info] Got 0 sessions for ...
2025-08-13 11:25:07.505 [info] Getting sessions for user:email...
2025-08-13 11:25:07.506 [info] Got 0 sessions for user:email...
2025-08-13 11:25:07.729 [info] Getting sessions for all scopes...
2025-08-13 11:25:07.730 [info] Got 0 sessions for ...
2025-08-13 11:25:07.755 [info] Getting sessions for user:email...
2025-08-13 11:25:07.755 [info] Got 0 sessions for user:email...
2025-08-13 11:25:07.775 [info] Getting sessions for all scopes...
2025-08-13 11:25:07.775 [info] Got 0 sessions for ...
2025-08-13 11:25:07.811 [info] Getting sessions for user:email...
2025-08-13 11:25:07.811 [info] Got 0 sessions for user:email...
2025-08-13 11:25:07.891 [info] Getting sessions for all scopes...
2025-08-13 11:25:07.891 [info] Got 0 sessions for ...
2025-08-13 11:25:07.929 [info] Getting sessions for all scopes...
2025-08-13 11:25:07.929 [info] Got 0 sessions for ...
2025-08-13 11:54:18.920 [info] Getting sessions for read:user,repo,user:email,workflow...
2025-08-13 11:54:18.922 [info] Got 0 sessions for read:user,repo,user:email,workflow...
2025-08-13 11:54:18.935 [info] Getting sessions for read:user...
2025-08-13 11:54:18.935 [info] Got 0 sessions for read:user...
2025-08-13 11:54:18.967 [info] Getting sessions for user:email...
2025-08-13 11:54:18.967 [info] Got 0 sessions for user:email...
2025-08-13 11:54:19.517 [info] Getting sessions for read:user,repo,user:email,workflow...
2025-08-13 11:54:19.517 [info] Got 0 sessions for read:user,repo,user:email,workflow...
2025-08-13 11:54:19.740 [info] Getting sessions for read:user...
2025-08-13 11:54:19.740 [info] Got 0 sessions for read:user...
2025-08-13 11:54:19.810 [info] Getting sessions for user:email...
2025-08-13 11:54:19.810 [info] Got 0 sessions for user:email...
2025-08-13 11:54:20.688 [info] Getting sessions for read:user,repo,user:email,workflow...
2025-08-13 11:54:20.689 [info] Got 0 sessions for read:user,repo,user:email,workflow...
2025-08-13 11:54:20.738 [info] Getting sessions for read:user...
2025-08-13 11:54:20.738 [info] Got 0 sessions for read:user...
2025-08-13 11:54:20.968 [info] Getting sessions for user:email...
2025-08-13 11:54:20.968 [info] Got 0 sessions for user:email...
2025-08-13 11:54:21.330 [info] Getting sessions for read:user,repo,user:email,workflow...
2025-08-13 11:54:21.330 [info] Got 0 sessions for read:user,repo,user:email,workflow...
2025-08-13 11:54:21.350 [info] Getting sessions for read:user...
2025-08-13 11:54:21.350 [info] Got 0 sessions for read:user...
2025-08-13 11:54:21.467 [info] Getting sessions for user:email...
2025-08-13 11:54:21.468 [info] Got 0 sessions for user:email...
2025-08-13 11:54:22.325 [info] Getting sessions for read:user,repo,user:email,workflow...
2025-08-13 11:54:22.325 [info] Got 0 sessions for read:user,repo,user:email,workflow...
2025-08-13 11:54:22.357 [info] Getting sessions for read:user...
2025-08-13 11:54:22.357 [info] Got 0 sessions for read:user...
2025-08-13 11:54:22.382 [info] Getting sessions for user:email...
2025-08-13 11:54:22.382 [info] Got 0 sessions for user:email...
2025-08-13 11:54:23.435 [info] Getting sessions for read:user,repo,user:email,workflow...
2025-08-13 11:54:23.436 [info] Got 0 sessions for read:user,repo,user:email,workflow...
2025-08-13 11:54:23.446 [info] Getting sessions for read:user...
2025-08-13 11:54:23.446 [info] Got 0 sessions for read:user...
2025-08-13 11:54:23.460 [info] Getting sessions for user:email...
2025-08-13 11:54:23.460 [info] Got 0 sessions for user:email...
2025-08-13 11:54:24.847 [info] Getting sessions for read:user,repo,user:email,workflow...
2025-08-13 11:54:24.848 [info] Got 0 sessions for read:user,repo,user:email,workflow...
2025-08-13 11:54:24.879 [info] Getting sessions for read:user...
2025-08-13 11:54:24.879 [info] Got 0 sessions for read:user...
2025-08-13 11:54:24.885 [info] Getting sessions for user:email...
2025-08-13 11:54:24.885 [info] Got 0 sessions for user:email...
2025-08-13 11:54:25.060 [info] Getting sessions for read:user,repo,user:email,workflow...
2025-08-13 11:54:25.060 [info] Got 0 sessions for read:user,repo,user:email,workflow...
2025-08-13 11:54:25.077 [info] Getting sessions for read:user...
2025-08-13 11:54:25.077 [info] Got 0 sessions for read:user...
2025-08-13 11:54:25.091 [info] Getting sessions for user:email...
2025-08-13 11:54:25.096 [info] Got 0 sessions for user:email...
2025-08-13 11:54:25.287 [info] Getting sessions for read:user,repo,user:email,workflow...
2025-08-13 11:54:25.287 [info] Got 0 sessions for read:user,repo,user:email,workflow...
2025-08-13 11:54:25.297 [info] Getting sessions for read:user...
2025-08-13 11:54:25.297 [info] Got 0 sessions for read:user...
2025-08-13 11:54:25.324 [info] Getting sessions for user:email...
2025-08-13 11:54:25.324 [info] Got 0 sessions for user:email...
2025-08-13 11:54:25.491 [info] Getting sessions for read:user,repo,user:email,workflow...
2025-08-13 11:54:25.491 [info] Got 0 sessions for read:user,repo,user:email,workflow...
2025-08-13 11:54:25.510 [info] Getting sessions for read:user...
2025-08-13 11:54:25.510 [info] Got 0 sessions for read:user...
2025-08-13 11:54:25.513 [info] Getting sessions for user:email...
2025-08-13 11:54:25.513 [info] Got 0 sessions for user:email...
2025-08-13 11:54:26.091 [info] Getting sessions for read:user,repo,user:email,workflow...
2025-08-13 11:54:26.091 [info] Got 0 sessions for read:user,repo,user:email,workflow...
2025-08-13 11:54:26.120 [info] Getting sessions for read:user...
2025-08-13 11:54:26.120 [info] Got 0 sessions for read:user...
2025-08-13 11:54:26.271 [info] Getting sessions for user:email...
2025-08-13 11:54:26.271 [info] Got 0 sessions for user:email...
2025-08-13 11:54:29.557 [info] Getting sessions for read:user,repo,user:email,workflow...
2025-08-13 11:54:29.557 [info] Got 0 sessions for read:user,repo,user:email,workflow...
2025-08-13 11:54:29.568 [info] Getting sessions for read:user...
2025-08-13 11:54:29.568 [info] Got 0 sessions for read:user...
2025-08-13 11:54:29.571 [info] Getting sessions for user:email...
2025-08-13 11:54:29.571 [info] Got 0 sessions for user:email...
2025-08-13 11:54:30.076 [info] Getting sessions for read:user,repo,user:email,workflow...
2025-08-13 11:54:30.076 [info] Got 0 sessions for read:user,repo,user:email,workflow...
2025-08-13 11:54:30.081 [info] Getting sessions for read:user...
2025-08-13 11:54:30.081 [info] Got 0 sessions for read:user...
2025-08-13 11:54:30.091 [info] Getting sessions for user:email...
2025-08-13 11:54:30.091 [info] Got 0 sessions for user:email...
2025-08-13 11:54:30.394 [info] Getting sessions for read:user,repo,user:email,workflow...
2025-08-13 11:54:30.394 [info] Got 0 sessions for read:user,repo,user:email,workflow...
2025-08-13 11:54:30.739 [info] Getting sessions for read:user...
2025-08-13 11:54:30.739 [info] Got 0 sessions for read:user...
2025-08-13 11:54:30.881 [info] Getting sessions for user:email...
2025-08-13 11:54:30.881 [info] Got 0 sessions for user:email...
2025-08-13 11:54:31.371 [info] Getting sessions for read:user,repo,user:email,workflow...
2025-08-13 11:54:31.371 [info] Got 0 sessions for read:user,repo,user:email,workflow...
2025-08-13 11:54:31.463 [info] Getting sessions for read:user...
2025-08-13 11:54:31.463 [info] Got 0 sessions for read:user...
2025-08-13 11:54:31.474 [info] Getting sessions for user:email...
2025-08-13 11:54:31.474 [info] Got 0 sessions for user:email...
2025-08-13 11:54:32.858 [info] Getting sessions for read:user,repo,user:email,workflow...
2025-08-13 11:54:32.859 [info] Got 0 sessions for read:user,repo,user:email,workflow...
2025-08-13 11:54:33.077 [info] Getting sessions for read:user...
2025-08-13 11:54:33.077 [info] Got 0 sessions for read:user...
2025-08-13 11:54:33.127 [info] Getting sessions for user:email...
2025-08-13 11:54:33.127 [info] Got 0 sessions for user:email...
2025-08-13 11:54:34.188 [info] Getting sessions for read:user,repo,user:email,workflow...
2025-08-13 11:54:34.188 [info] Got 0 sessions for read:user,repo,user:email,workflow...
2025-08-13 11:54:34.345 [info] Getting sessions for read:user...
2025-08-13 11:54:34.345 [info] Got 0 sessions for read:user...
2025-08-13 11:54:34.431 [info] Getting sessions for user:email...
2025-08-13 11:54:34.431 [info] Got 0 sessions for user:email...
2025-08-13 11:54:38.358 [info] Getting sessions for read:user,repo,user:email,workflow...
2025-08-13 11:54:38.368 [info] Got 0 sessions for read:user,repo,user:email,workflow...
2025-08-13 11:54:38.391 [info] Getting sessions for read:user...
2025-08-13 11:54:38.391 [info] Got 0 sessions for read:user...
2025-08-13 11:54:38.436 [info] Getting sessions for user:email...
2025-08-13 11:54:38.436 [info] Got 0 sessions for user:email...
2025-08-13 11:54:39.591 [info] Getting sessions for read:user,repo,user:email,workflow...
2025-08-13 11:54:39.591 [info] Got 0 sessions for read:user,repo,user:email,workflow...
2025-08-13 11:54:39.751 [info] Getting sessions for read:user...
2025-08-13 11:54:39.751 [info] Got 0 sessions for read:user...
2025-08-13 11:54:39.819 [info] Getting sessions for user:email...
2025-08-13 11:54:39.819 [info] Got 0 sessions for user:email...
2025-08-13 11:54:40.072 [info] Getting sessions for read:user,repo,user:email,workflow...
2025-08-13 11:54:40.072 [info] Got 0 sessions for read:user,repo,user:email,workflow...
2025-08-13 11:54:40.092 [info] Getting sessions for read:user...
2025-08-13 11:54:40.092 [info] Got 0 sessions for read:user...
2025-08-13 11:54:40.105 [info] Getting sessions for user:email...
2025-08-13 11:54:40.105 [info] Got 0 sessions for user:email...
2025-08-13 11:54:40.780 [info] Getting sessions for read:user,repo,user:email,workflow...
2025-08-13 11:54:40.780 [info] Got 0 sessions for read:user,repo,user:email,workflow...
2025-08-13 11:54:40.790 [info] Getting sessions for read:user...
2025-08-13 11:54:40.790 [info] Got 0 sessions for read:user...
2025-08-13 11:54:40.799 [info] Getting sessions for user:email...
2025-08-13 11:54:40.799 [info] Got 0 sessions for user:email...
2025-08-13 11:54:43.295 [info] Getting sessions for read:user,repo,user:email,workflow...
2025-08-13 11:54:43.295 [info] Got 0 sessions for read:user,repo,user:email,workflow...
2025-08-13 11:54:43.328 [info] Getting sessions for read:user...
2025-08-13 11:54:43.328 [info] Got 0 sessions for read:user...
2025-08-13 11:54:43.351 [info] Getting sessions for user:email...
2025-08-13 11:54:43.351 [info] Got 0 sessions for user:email...
2025-08-13 11:54:43.874 [info] Getting sessions for read:user,repo,user:email,workflow...
2025-08-13 11:54:43.874 [info] Got 0 sessions for read:user,repo,user:email,workflow...
2025-08-13 11:54:43.921 [info] Getting sessions for read:user...
2025-08-13 11:54:43.921 [info] Got 0 sessions for read:user...
2025-08-13 11:54:43.939 [info] Getting sessions for user:email...
2025-08-13 11:54:43.939 [info] Got 0 sessions for user:email...
2025-08-13 11:54:45.122 [info] Getting sessions for read:user,repo,user:email,workflow...
2025-08-13 11:54:45.122 [info] Got 0 sessions for read:user,repo,user:email,workflow...
2025-08-13 11:54:45.164 [info] Getting sessions for read:user...
2025-08-13 11:54:45.164 [info] Got 0 sessions for read:user...
2025-08-13 11:54:45.176 [info] Getting sessions for user:email...
2025-08-13 11:54:45.178 [info] Got 0 sessions for user:email...
2025-08-13 11:54:45.820 [info] Getting sessions for read:user,repo,user:email,workflow...
2025-08-13 11:54:45.821 [info] Got 0 sessions for read:user,repo,user:email,workflow...
2025-08-13 11:54:45.834 [info] Getting sessions for read:user...
2025-08-13 11:54:45.834 [info] Got 0 sessions for read:user...
2025-08-13 11:54:45.842 [info] Getting sessions for user:email...
2025-08-13 11:54:45.842 [info] Got 0 sessions for user:email...
2025-08-13 11:54:46.916 [info] Getting sessions for read:user,repo,user:email,workflow...
2025-08-13 11:54:46.916 [info] Got 0 sessions for read:user,repo,user:email,workflow...
2025-08-13 11:54:46.930 [info] Getting sessions for read:user...
2025-08-13 11:54:46.930 [info] Got 0 sessions for read:user...
2025-08-13 11:54:46.938 [info] Getting sessions for user:email...
2025-08-13 11:54:46.938 [info] Got 0 sessions for user:email...
2025-08-13 11:54:47.139 [info] Getting sessions for read:user,repo,user:email,workflow...
2025-08-13 11:54:47.139 [info] Got 0 sessions for read:user,repo,user:email,workflow...
2025-08-13 11:54:47.169 [info] Getting sessions for read:user...
2025-08-13 11:54:47.169 [info] Got 0 sessions for read:user...
2025-08-13 11:54:47.183 [info] Getting sessions for user:email...
2025-08-13 11:54:47.183 [info] Got 0 sessions for user:email...
2025-08-13 11:54:47.486 [info] Getting sessions for read:user,repo,user:email,workflow...
2025-08-13 11:54:47.486 [info] Got 0 sessions for read:user,repo,user:email,workflow...
2025-08-13 11:54:47.504 [info] Getting sessions for read:user...
2025-08-13 11:54:47.504 [info] Got 0 sessions for read:user...
2025-08-13 11:54:47.512 [info] Getting sessions for user:email...
2025-08-13 11:54:47.512 [info] Got 0 sessions for user:email...
2025-08-13 11:54:48.775 [info] Getting sessions for read:user,repo,user:email,workflow...
2025-08-13 11:54:48.775 [info] Got 0 sessions for read:user,repo,user:email,workflow...
2025-08-13 11:54:48.826 [info] Getting sessions for read:user...
2025-08-13 11:54:48.826 [info] Got 0 sessions for read:user...
2025-08-13 11:54:48.832 [info] Getting sessions for user:email...
2025-08-13 11:54:48.832 [info] Got 0 sessions for user:email...
2025-08-13 11:54:50.874 [info] Getting sessions for read:user,repo,user:email,workflow...
2025-08-13 11:54:50.874 [info] Got 0 sessions for read:user,repo,user:email,workflow...
2025-08-13 11:54:50.879 [info] Getting sessions for read:user...
2025-08-13 11:54:50.879 [info] Got 0 sessions for read:user...
2025-08-13 11:54:50.883 [info] Getting sessions for user:email...
2025-08-13 11:54:50.883 [info] Got 0 sessions for user:email...
2025-08-13 11:54:51.322 [info] Getting sessions for read:user,repo,user:email,workflow...
2025-08-13 11:54:51.322 [info] Got 0 sessions for read:user,repo,user:email,workflow...
2025-08-13 11:54:51.333 [info] Getting sessions for read:user...
2025-08-13 11:54:51.333 [info] Got 0 sessions for read:user...
2025-08-13 11:54:51.360 [info] Getting sessions for user:email...
2025-08-13 11:54:51.360 [info] Got 0 sessions for user:email...
2025-08-13 11:54:51.590 [info] Getting sessions for read:user,repo,user:email,workflow...
2025-08-13 11:54:51.590 [info] Got 0 sessions for read:user,repo,user:email,workflow...
2025-08-13 11:54:51.694 [info] Getting sessions for read:user...
2025-08-13 11:54:51.694 [info] Got 0 sessions for read:user...
2025-08-13 11:54:51.718 [info] Getting sessions for user:email...
2025-08-13 11:54:51.718 [info] Got 0 sessions for user:email...
2025-08-13 11:54:51.929 [info] Getting sessions for read:user,repo,user:email,workflow...
2025-08-13 11:54:51.929 [info] Got 0 sessions for read:user,repo,user:email,workflow...
2025-08-13 11:54:51.943 [info] Getting sessions for read:user...
2025-08-13 11:54:51.943 [info] Got 0 sessions for read:user...
2025-08-13 11:54:51.949 [info] Getting sessions for user:email...
2025-08-13 11:54:51.949 [info] Got 0 sessions for user:email...
2025-08-13 11:54:53.678 [info] Getting sessions for read:user,repo,user:email,workflow...
2025-08-13 11:54:53.678 [info] Got 0 sessions for read:user,repo,user:email,workflow...
2025-08-13 11:54:53.682 [info] Getting sessions for read:user...
2025-08-13 11:54:53.683 [info] Got 0 sessions for read:user...
2025-08-13 11:54:53.688 [info] Getting sessions for user:email...
2025-08-13 11:54:53.688 [info] Got 0 sessions for user:email...
2025-08-13 11:54:54.000 [info] Getting sessions for read:user,repo,user:email,workflow...
2025-08-13 11:54:54.000 [info] Got 0 sessions for read:user,repo,user:email,workflow...
2025-08-13 11:54:54.024 [info] Getting sessions for read:user...
2025-08-13 11:54:54.024 [info] Got 0 sessions for read:user...
2025-08-13 11:54:54.032 [info] Getting sessions for user:email...
2025-08-13 11:54:54.032 [info] Got 0 sessions for user:email...
2025-08-13 11:54:54.581 [info] Getting sessions for read:user,repo,user:email,workflow...
2025-08-13 11:54:54.581 [info] Got 0 sessions for read:user,repo,user:email,workflow...
2025-08-13 11:54:54.586 [info] Getting sessions for read:user...
2025-08-13 11:54:54.586 [info] Got 0 sessions for read:user...
2025-08-13 11:54:54.590 [info] Getting sessions for user:email...
2025-08-13 11:54:54.590 [info] Got 0 sessions for user:email...
2025-08-13 11:54:55.088 [info] Getting sessions for read:user,repo,user:email,workflow...
2025-08-13 11:54:55.089 [info] Got 0 sessions for read:user,repo,user:email,workflow...
2025-08-13 11:55:01.256 [info] Getting sessions for read:user...
2025-08-13 11:55:01.256 [info] Got 0 sessions for read:user...
2025-08-13 11:55:01.646 [info] Getting sessions for user:email...
2025-08-13 11:55:01.646 [info] Got 0 sessions for user:email...
2025-08-13 11:55:11.451 [info] Getting sessions for read:user,repo,user:email,workflow...
2025-08-13 11:55:11.451 [info] Got 0 sessions for read:user,repo,user:email,workflow...
2025-08-13 11:55:13.835 [info] Getting sessions for read:user...
2025-08-13 11:55:13.835 [info] Got 0 sessions for read:user...
2025-08-13 11:55:13.952 [info] Getting sessions for user:email...
2025-08-13 11:55:13.952 [info] Got 0 sessions for user:email...
2025-08-13 11:55:15.006 [info] Getting sessions for read:user,repo,user:email,workflow...
2025-08-13 11:55:15.012 [info] Got 0 sessions for read:user,repo,user:email,workflow...
2025-08-13 11:55:15.021 [info] Getting sessions for read:user...
2025-08-13 11:55:15.021 [info] Got 0 sessions for read:user...
2025-08-13 11:55:15.023 [info] Getting sessions for user:email...
2025-08-13 11:55:15.023 [info] Got 0 sessions for user:email...
2025-08-13 11:55:15.388 [info] Getting sessions for read:user,repo,user:email,workflow...
2025-08-13 11:55:15.388 [info] Got 0 sessions for read:user,repo,user:email,workflow...
2025-08-13 11:55:15.394 [info] Getting sessions for read:user...
2025-08-13 11:55:15.394 [info] Got 0 sessions for read:user...
2025-08-13 11:55:15.400 [info] Getting sessions for user:email...
2025-08-13 11:55:15.400 [info] Got 0 sessions for user:email...
2025-08-13 11:55:18.272 [info] Getting sessions for read:user,repo,user:email,workflow...
2025-08-13 11:55:18.275 [info] Got 0 sessions for read:user,repo,user:email,workflow...
2025-08-13 11:55:18.281 [info] Getting sessions for read:user...
2025-08-13 11:55:18.281 [info] Got 0 sessions for read:user...
2025-08-13 11:55:18.284 [info] Getting sessions for user:email...
2025-08-13 11:55:18.284 [info] Got 0 sessions for user:email...
2025-08-13 11:55:20.482 [info] Getting sessions for read:user,repo,user:email,workflow...
2025-08-13 11:55:20.483 [info] Got 0 sessions for read:user,repo,user:email,workflow...
2025-08-13 11:55:20.913 [info] Getting sessions for read:user...
2025-08-13 11:55:20.913 [info] Got 0 sessions for read:user...
2025-08-13 11:55:21.057 [info] Getting sessions for user:email...
2025-08-13 11:55:21.057 [info] Got 0 sessions for user:email...
2025-08-13 11:55:22.755 [info] Getting sessions for read:user,repo,user:email,workflow...
2025-08-13 11:55:22.755 [info] Got 0 sessions for read:user,repo,user:email,workflow...
2025-08-13 11:55:22.850 [info] Getting sessions for read:user...
2025-08-13 11:55:22.850 [info] Got 0 sessions for read:user...
2025-08-13 11:55:22.917 [info] Getting sessions for user:email...
2025-08-13 11:55:22.917 [info] Got 0 sessions for user:email...
2025-08-13 11:55:23.032 [info] Getting sessions for read:user,repo,user:email,workflow...
2025-08-13 11:55:23.032 [info] Got 0 sessions for read:user,repo,user:email,workflow...
2025-08-13 11:55:23.071 [info] Getting sessions for read:user...
2025-08-13 11:55:23.071 [info] Got 0 sessions for read:user...
2025-08-13 11:55:23.108 [info] Getting sessions for user:email...
2025-08-13 11:55:23.108 [info] Got 0 sessions for user:email...
2025-08-13 11:55:23.401 [info] Getting sessions for read:user,repo,user:email,workflow...
2025-08-13 11:55:23.402 [info] Got 0 sessions for read:user,repo,user:email,workflow...
2025-08-13 11:55:23.423 [info] Getting sessions for read:user...
2025-08-13 11:55:23.423 [info] Got 0 sessions for read:user...
2025-08-13 11:55:23.432 [info] Getting sessions for user:email...
2025-08-13 11:55:23.439 [info] Got 0 sessions for user:email...
2025-08-13 11:55:25.344 [info] Getting sessions for read:user,repo,user:email,workflow...
2025-08-13 11:55:25.344 [info] Got 0 sessions for read:user,repo,user:email,workflow...
2025-08-13 11:55:25.347 [info] Getting sessions for read:user...
2025-08-13 11:55:25.347 [info] Got 0 sessions for read:user...
2025-08-13 11:55:25.349 [info] Getting sessions for user:email...
2025-08-13 11:55:25.349 [info] Got 0 sessions for user:email...
2025-08-13 11:55:29.338 [info] Getting sessions for read:user,repo,user:email,workflow...
2025-08-13 11:55:29.354 [info] Got 0 sessions for read:user,repo,user:email,workflow...
2025-08-13 11:55:29.531 [info] Getting sessions for read:user...
2025-08-13 11:55:29.531 [info] Got 0 sessions for read:user...
2025-08-13 11:55:29.580 [info] Getting sessions for user:email...
2025-08-13 11:55:29.580 [info] Got 0 sessions for user:email...
2025-08-13 11:55:51.723 [info] Getting sessions for read:user,repo,user:email,workflow...
2025-08-13 11:55:51.725 [info] Got 0 sessions for read:user,repo,user:email,workflow...
2025-08-13 11:55:51.769 [info] Getting sessions for read:user...
2025-08-13 11:55:51.769 [info] Got 0 sessions for read:user...
2025-08-13 11:55:51.788 [info] Getting sessions for user:email...
2025-08-13 11:55:51.788 [info] Got 0 sessions for user:email...
2025-08-13 11:56:51.086 [info] Getting sessions for read:user,repo,user:email,workflow...
2025-08-13 11:56:51.115 [info] Got 0 sessions for read:user,repo,user:email,workflow...
2025-08-13 11:56:51.202 [info] Getting sessions for read:user...
2025-08-13 11:56:51.202 [info] Got 0 sessions for read:user...
2025-08-13 11:56:51.267 [info] Getting sessions for user:email...
2025-08-13 11:56:51.267 [info] Got 0 sessions for user:email...
2025-08-13 11:56:51.414 [info] Getting sessions for read:user,repo,user:email,workflow...
2025-08-13 11:56:51.414 [info] Got 0 sessions for read:user,repo,user:email,workflow...
2025-08-13 11:56:51.420 [info] Getting sessions for read:user...
2025-08-13 11:56:51.421 [info] Got 0 sessions for read:user...
2025-08-13 11:56:51.446 [info] Getting sessions for user:email...
2025-08-13 11:56:51.446 [info] Got 0 sessions for user:email...
