2025-08-13 12:04:33.388 [info] Reading sessions from keychain...
2025-08-13 12:04:33.388 [info] Getting sessions for all scopes...
2025-08-13 12:04:33.388 [info] Got 0 sessions for ...
2025-08-13 12:04:33.388 [info] Getting sessions for all scopes...
2025-08-13 12:04:33.388 [info] Got 0 sessions for ...
2025-08-13 12:04:33.388 [info] Getting sessions for all scopes...
2025-08-13 12:04:33.388 [info] Got 0 sessions for ...
2025-08-13 12:04:33.388 [info] Getting sessions for all scopes...
2025-08-13 12:04:33.388 [info] Got 0 sessions for ...
2025-08-13 12:04:33.388 [info] Getting sessions for all scopes...
2025-08-13 12:04:33.388 [info] Got 0 sessions for ...
2025-08-13 12:04:33.388 [info] Getting sessions for all scopes...
2025-08-13 12:04:33.388 [info] Got 0 sessions for ...
2025-08-13 12:04:33.388 [info] Getting sessions for all scopes...
2025-08-13 12:04:33.388 [info] Got 0 sessions for ...
2025-08-13 12:04:33.388 [info] Getting sessions for all scopes...
2025-08-13 12:04:33.388 [info] Got 0 sessions for ...
2025-08-13 12:04:33.388 [info] Getting sessions for all scopes...
2025-08-13 12:04:33.388 [info] Got 0 sessions for ...
2025-08-13 12:04:33.388 [info] Getting sessions for all scopes...
2025-08-13 12:04:33.388 [info] Got 0 sessions for ...
2025-08-13 12:04:33.388 [info] Getting sessions for all scopes...
2025-08-13 12:04:33.388 [info] Got 0 sessions for ...
2025-08-13 12:04:33.388 [info] Getting sessions for all scopes...
2025-08-13 12:04:33.388 [info] Got 0 sessions for ...
2025-08-13 12:04:33.388 [info] Getting sessions for all scopes...
2025-08-13 12:04:33.388 [info] Got 0 sessions for ...
2025-08-13 12:04:33.388 [info] Getting sessions for all scopes...
2025-08-13 12:04:33.388 [info] Got 0 sessions for ...
2025-08-13 12:04:43.568 [info] Getting sessions for all scopes...
2025-08-13 12:04:43.568 [info] Got 0 sessions for ...
2025-08-13 12:04:43.607 [info] Getting sessions for all scopes...
2025-08-13 12:04:43.607 [info] Got 0 sessions for ...
2025-08-13 12:04:43.608 [info] Getting sessions for all scopes...
2025-08-13 12:04:43.608 [info] Got 0 sessions for ...
2025-08-13 12:04:43.610 [info] Getting sessions for all scopes...
2025-08-13 12:04:43.611 [info] Got 0 sessions for ...
2025-08-13 12:04:44.209 [info] Getting sessions for all scopes...
2025-08-13 12:04:44.209 [info] Got 0 sessions for ...
2025-08-13 12:04:44.209 [info] Getting sessions for all scopes...
2025-08-13 12:04:44.209 [info] Got 0 sessions for ...
2025-08-13 12:04:45.795 [info] Getting sessions for user:email...
2025-08-13 12:04:45.795 [info] Got 0 sessions for user:email...
2025-08-13 12:04:45.932 [info] Getting sessions for all scopes...
2025-08-13 12:04:45.932 [info] Got 0 sessions for ...
2025-08-13 12:04:45.944 [info] Getting sessions for read:user,repo,user:email,workflow...
2025-08-13 12:04:45.944 [info] Got 0 sessions for read:user,repo,user:email,workflow...
2025-08-13 12:04:45.960 [info] Getting sessions for all scopes...
2025-08-13 12:04:45.962 [info] Got 0 sessions for ...
2025-08-13 12:04:45.963 [info] Getting sessions for read:user,repo,user:email,workflow...
2025-08-13 12:04:45.963 [info] Got 0 sessions for read:user,repo,user:email,workflow...
2025-08-13 12:04:45.969 [info] Getting sessions for all scopes...
2025-08-13 12:04:45.969 [info] Got 0 sessions for ...
2025-08-13 12:04:45.982 [info] Getting sessions for read:user...
2025-08-13 12:04:45.982 [info] Got 0 sessions for read:user...
2025-08-13 12:04:46.061 [info] Getting sessions for user:email...
2025-08-13 12:04:46.061 [info] Got 0 sessions for user:email...
2025-08-13 12:04:46.062 [info] Getting sessions for user:email...
2025-08-13 12:04:46.062 [info] Got 0 sessions for user:email...
2025-08-13 12:04:46.409 [info] Getting sessions for all scopes...
2025-08-13 12:04:46.409 [info] Got 0 sessions for ...
2025-08-13 12:04:46.649 [info] Getting sessions for all scopes...
2025-08-13 12:04:46.649 [info] Got 0 sessions for ...
2025-08-13 12:04:46.790 [info] Getting sessions for user:email...
2025-08-13 12:04:46.794 [info] Got 0 sessions for user:email...
2025-08-13 12:04:46.813 [info] Getting sessions for all scopes...
2025-08-13 12:04:46.813 [info] Got 0 sessions for ...
2025-08-13 12:04:46.813 [info] Getting sessions for all scopes...
2025-08-13 12:04:46.813 [info] Got 0 sessions for ...
2025-08-13 12:04:46.819 [info] Getting sessions for user:email...
2025-08-13 12:04:46.819 [info] Got 0 sessions for user:email...
2025-08-13 12:04:46.969 [info] Getting sessions for all scopes...
2025-08-13 12:04:46.969 [info] Got 0 sessions for ...
2025-08-13 12:04:46.983 [info] Getting sessions for user:email...
2025-08-13 12:04:46.983 [info] Got 0 sessions for user:email...
2025-08-13 12:04:47.025 [info] Getting sessions for all scopes...
2025-08-13 12:04:47.025 [info] Got 0 sessions for ...
2025-08-13 12:04:47.028 [info] Getting sessions for all scopes...
2025-08-13 12:04:47.028 [info] Got 0 sessions for ...
2025-08-13 12:05:00.563 [info] Getting sessions for all scopes...
2025-08-13 12:05:00.563 [info] Got 0 sessions for ...
2025-08-13 12:05:41.341 [info] Getting sessions for read:user,repo,user:email,workflow...
2025-08-13 12:05:41.345 [info] Got 0 sessions for read:user,repo,user:email,workflow...
2025-08-13 12:05:41.873 [info] Getting sessions for read:user...
2025-08-13 12:05:41.873 [info] Got 0 sessions for read:user...
2025-08-13 12:05:42.301 [info] Getting sessions for user:email...
2025-08-13 12:05:42.301 [info] Got 0 sessions for user:email...
2025-08-13 12:05:58.309 [info] Getting sessions for read:user,repo,user:email,workflow...
2025-08-13 12:05:58.311 [info] Got 0 sessions for read:user,repo,user:email,workflow...
2025-08-13 12:06:02.926 [info] Getting sessions for read:user...
2025-08-13 12:06:02.926 [info] Got 0 sessions for read:user...
2025-08-13 12:06:14.265 [info] Getting sessions for user:email...
2025-08-13 12:06:14.281 [info] Got 0 sessions for user:email...
