2025-08-13 11:20:26.542 [warning] Via 'product.json#extensionEnabledApiProposals' extension 'ms-vsliveshare.vsliveshare' wants API proposal 'notebookCellExecutionState' but that proposal DOES NOT EXIST. Likely, the proposal has been finalized (check 'vscode.d.ts') or was abandoned.
2025-08-13 11:20:26.561 [warning] Via 'product.json#extensionEnabledApiProposals' extension 'ms-python.gather' wants API proposal 'notebookCellExecutionState' but that proposal DOES NOT EXIST. Likely, the proposal has been finalized (check 'vscode.d.ts') or was abandoned.
2025-08-13 11:20:26.562 [warning] Via 'product.json#extensionEnabledApiProposals' extension 'ms-python.vscode-pylance' wants API proposal 'mcpConfigurationProvider' but that proposal DOES NOT EXIST. Likely, the proposal has been finalized (check 'vscode.d.ts') or was abandoned.
2025-08-13 11:20:27.583 [info] ChatSessionStore: Migrating 0 chat sessions from storage service to file system
2025-08-13 11:20:29.029 [info] Started local extension host with pid 16305.
2025-08-13 11:20:34.945 [info] Settings Sync: Account status changed from uninitialized to unavailable
2025-08-13 11:20:36.124 [info] [perf] Render performance baseline is 93ms
2025-08-13 11:20:45.802 [warning] NotebookEditorWidget#setInput failed Unable to read file '/mnt/chromeos/removable/LaCie/PM-proj-videos/code/extract_frames.ipynb' (Unknown (FileSystemError): An unknown error occurred. Please consult the log for more details.)
2025-08-13 11:20:45.807 [error] Error: Unable to read file '/mnt/chromeos/removable/LaCie/PM-proj-videos/code/extract_frames.ipynb' (Unknown (FileSystemError): An unknown error occurred. Please consult the log for more details.)
    at h1t.G (vscode-file://vscode-app/usr/share/code/resources/app/out/vs/workbench/workbench.desktop.main.js:3605:65912)
    at Object.error (vscode-file://vscode-app/usr/share/code/resources/app/out/vs/workbench/workbench.desktop.main.js:3605:66058)
    at Object.onError (vscode-file://vscode-app/usr/share/code/resources/app/out/vs/workbench/workbench.desktop.main.js:30:90310)
    at vscode-file://vscode-app/usr/share/code/resources/app/out/vs/workbench/workbench.desktop.main.js:30:89482
    at vscode-file://vscode-app/usr/share/code/resources/app/out/vs/workbench/workbench.desktop.main.js:30:87918
    at Array.forEach (<anonymous>)
    at AWi.h (vscode-file://vscode-app/usr/share/code/resources/app/out/vs/workbench/workbench.desktop.main.js:30:87907)
    at AWi.error (vscode-file://vscode-app/usr/share/code/resources/app/out/vs/workbench/workbench.desktop.main.js:30:87668)
    at yae.value (vscode-file://vscode-app/usr/share/code/resources/app/out/vs/workbench/workbench.desktop.main.js:3605:76372)
    at I.C (vscode-file://vscode-app/usr/share/code/resources/app/out/vs/workbench/workbench.desktop.main.js:29:2392)
2025-08-13 11:24:57.238 [error] [Extension Host] (node:16305) ExperimentalWarning: SQLite is an experimental feature and might change at any time
(Use `exe --trace-warnings ...` to show where the warning was created)
2025-08-13 11:25:07.543 [error] An unknown error occurred. Please consult the log for more details.
2025-08-13 11:54:11.415 [error] CodeExpectedError: No default agent registered
    at ixe.activateDefaultAgent (vscode-file://vscode-app/usr/share/code/resources/app/out/vs/workbench/workbench.desktop.main.js:2090:64028)
2025-08-13 11:55:01.337 [info] Extension host (LocalProcess pid: 16305) is unresponsive.
2025-08-13 11:55:01.393 [info] Extension host (LocalProcess pid: 16305) is responsive.
2025-08-13 11:55:01.722 [info] UNRESPONSIVE extension host: received responsive event and cancelling profiling session
2025-08-13 11:55:09.859 [info] Extension host (LocalProcess pid: 16305) is unresponsive.
2025-08-13 11:55:09.993 [info] Extension host (LocalProcess pid: 16305) is responsive.
2025-08-13 11:55:09.994 [info] UNRESPONSIVE extension host: received responsive event and cancelling profiling session
2025-08-13 11:55:11.112 [info] UNRESPONSIVE extension host: starting to profile NOW
2025-08-13 12:00:30.003 [info] Extension host (LocalProcess pid: 16305) is unresponsive.
2025-08-13 12:00:34.283 [info] Extension host (LocalProcess pid: 16305) is responsive.
2025-08-13 12:00:34.315 [info] UNRESPONSIVE extension host: received responsive event and cancelling profiling session
2025-08-13 12:00:36.452 [info] UNRESPONSIVE extension host: starting to profile NOW
2025-08-13 12:02:23.388 [error] Error: Unable to write file '/mnt/chromeos/removable/LaCie/PM-proj-videos/code/extract_vid_frames' (Unknown (FileSystemError): Error: EIO: i/o error, open '/mnt/chromeos/removable/LaCie/PM-proj-videos/code/extract_vid_frames')
    at h1t.writeFile (vscode-file://vscode-app/usr/share/code/resources/app/out/vs/workbench/workbench.desktop.main.js:3605:63703)
    at async h1t.createFile (vscode-file://vscode-app/usr/share/code/resources/app/out/vs/workbench/workbench.desktop.main.js:3605:63192)
    at async Promise.all (index 0)
    at async Object.e [as settled] (vscode-file://vscode-app/usr/share/code/resources/app/out/vs/workbench/workbench.desktop.main.js:30:81353)
    at async V7e.doCreateFileOrFolder (vscode-file://vscode-app/usr/share/code/resources/app/out/vs/workbench/workbench.desktop.main.js:528:3352)
    at async JEe.perform (vscode-file://vscode-app/usr/share/code/resources/app/out/vs/workbench/workbench.desktop.main.js:2600:9794)
    at async Jut.apply (vscode-file://vscode-app/usr/share/code/resources/app/out/vs/workbench/workbench.desktop.main.js:2600:12711)
    at async Zut.n (vscode-file://vscode-app/usr/share/code/resources/app/out/vs/workbench/workbench.desktop.main.js:2600:18775)
    at async Zut.perform (vscode-file://vscode-app/usr/share/code/resources/app/out/vs/workbench/workbench.desktop.main.js:2600:18430)
    at async eft.apply (vscode-file://vscode-app/usr/share/code/resources/app/out/vs/workbench/workbench.desktop.main.js:2600:20380)
2025-08-13 12:02:23.421 [error] Unable to write file '/mnt/chromeos/removable/LaCie/PM-proj-videos/code/extract_vid_frames' (Unknown (FileSystemError): Error: EIO: i/o error, open '/mnt/chromeos/removable/LaCie/PM-proj-videos/code/extract_vid_frames'): Error: Unable to write file '/mnt/chromeos/removable/LaCie/PM-proj-videos/code/extract_vid_frames' (Unknown (FileSystemError): Error: EIO: i/o error, open '/mnt/chromeos/removable/LaCie/PM-proj-videos/code/extract_vid_frames')
    at h1t.writeFile (vscode-file://vscode-app/usr/share/code/resources/app/out/vs/workbench/workbench.desktop.main.js:3605:63703)
    at async h1t.createFile (vscode-file://vscode-app/usr/share/code/resources/app/out/vs/workbench/workbench.desktop.main.js:3605:63192)
    at async Promise.all (index 0)
    at async Object.e [as settled] (vscode-file://vscode-app/usr/share/code/resources/app/out/vs/workbench/workbench.desktop.main.js:30:81353)
    at async V7e.doCreateFileOrFolder (vscode-file://vscode-app/usr/share/code/resources/app/out/vs/workbench/workbench.desktop.main.js:528:3352)
    at async JEe.perform (vscode-file://vscode-app/usr/share/code/resources/app/out/vs/workbench/workbench.desktop.main.js:2600:9794)
    at async Jut.apply (vscode-file://vscode-app/usr/share/code/resources/app/out/vs/workbench/workbench.desktop.main.js:2600:12711)
    at async Zut.n (vscode-file://vscode-app/usr/share/code/resources/app/out/vs/workbench/workbench.desktop.main.js:2600:18775)
    at async Zut.perform (vscode-file://vscode-app/usr/share/code/resources/app/out/vs/workbench/workbench.desktop.main.js:2600:18430)
    at async eft.apply (vscode-file://vscode-app/usr/share/code/resources/app/out/vs/workbench/workbench.desktop.main.js:2600:20380)
2025-08-13 12:03:38.634 [warning] [lifecycle] onWillShutdown is taking a long time, pending operations: join.closeStorage, join.chatSessionStore, join.chatEditingSession
2025-08-13 12:03:39.545 [error] [UriError]: Scheme contains illegal characters.: Error: [UriError]: Scheme contains illegal characters.
    at R7 (file:///usr/share/code/resources/app/out/main.js:30:63994)
    at new sd (file:///usr/share/code/resources/app/out/main.js:30:67374)
    at new Ur (file:///usr/share/code/resources/app/out/main.js:30:68812)
    at sd.revive (file:///usr/share/code/resources/app/out/main.js:30:68589)
    at G4.call (file:///usr/share/code/resources/app/out/main.js:85:104940)
    at If.s (file:///usr/share/code/resources/app/out/main.js:31:14859)
    at If.q (file:///usr/share/code/resources/app/out/main.js:31:14382)
    at Yo.value (file:///usr/share/code/resources/app/out/main.js:31:13784)
    at D.C (file:///usr/share/code/resources/app/out/main.js:30:2373)
    at D (file:///usr/share/code/resources/app/out/main.js:30:2443)
    at D.fire (file:///usr/share/code/resources/app/out/main.js:30:2660)
    at Yo.value (file:///usr/share/code/resources/app/out/main.js:28:4852)
    at D.C (file:///usr/share/code/resources/app/out/main.js:30:2373)
    at D.fire (file:///usr/share/code/resources/app/out/main.js:30:2591)
    at Yo.value (file:///usr/share/code/resources/app/out/main.js:28:5040)
    at D.C (file:///usr/share/code/resources/app/out/main.js:30:2373)
    at D.fire (file:///usr/share/code/resources/app/out/main.js:30:2591)
    at z (file:///usr/share/code/resources/app/out/main.js:28:7334)
    at IpcMainImpl.i (file:///usr/share/code/resources/app/out/main.js:33:21024)
    at IpcMainImpl.emit (node:events:518:28)
    at Session.<anonymous> (node:electron/js2c/browser_init:2:106370)
    at Session.emit (node:events:518:28)
